<?xml version="1.0" encoding="UTF-8"?>
<testsuite xmlns:xsi="http://www.w3.org/2001/XMLSchema-instance" xsi:noNamespaceSchemaLocation="https://maven.apache.org/surefire/maven-surefire-plugin/xsd/surefire-test-report-3.0.xsd" version="3.0" name="com.camunda.bpm.camunda_bpm.ProcessUnitTest" time="23.809" tests="1" errors="0" skipped="0" failures="0">
  <properties>
[...]
</properties>
  <testcase name="testHappyPath" classname="com.camunda.bpm.camunda_bpm.ProcessUnitTest" time="2.63">
    <system-out><![CDATA[12:44:52.875 [main] DEBUG org.camunda.bpm.engine.test - ==== BUILDING PROCESS ENGINE ========================================================================
12:44:55.032 [main] INFO  org.camunda.bpm.engine.cfg - ENGINE-12003 Plugin 'SpinProcessEnginePlugin' activated on process engine 'default'
12:44:55.052 [main] INFO  org.camunda.spin - SPIN-01010 Discovered Spin data format provider: org.camunda.spin.impl.json.jackson.format.JacksonJsonDataFormatProvider[name = application/json]
12:44:55.606 [main] INFO  org.camunda.spin - SPIN-01010 Discovered Spin data format provider: org.camunda.spin.impl.xml.dom.format.DomXmlDataFormatProvider[name = application/xml]
12:44:55.642 [main] INFO  org.camunda.spin - SPIN-01009 Discovered Spin data format: org.camunda.spin.impl.xml.dom.format.DomXmlDataFormat[name = application/xml]
12:44:55.643 [main] INFO  org.camunda.spin - SPIN-01009 Discovered Spin data format: org.camunda.spin.impl.json.jackson.format.JacksonJsonDataFormat[name = application/json]
12:44:55.955 [main] INFO  org.camunda.bpm.dmn.feel.scala - FEEL/SCALA-01001 Spin value mapper detected
12:44:56.524 [main] INFO  org.camunda.feel.FeelEngine - Engine created. [value-mapper: CompositeValueMapper(List(org.camunda.feel.impl.JavaValueMapper@56113384, org.camunda.spin.plugin.impl.feel.integration.SpinValueMapper@5669c5fb)), function-provider: org.camunda.bpm.dmn.feel.impl.scala.function.CustomFunctionTransformer@78f5c518, clock: SystemClock, configuration: Configuration(false)]
12:45:10.829 [main] INFO  org.camunda.bpm.connect - CNCT-01004 Discovered provider for connector id 'http-connector' and class 'org.camunda.connect.httpclient.impl.HttpConnectorImpl': 'org.camunda.connect.httpclient.impl.HttpConnectorProviderImpl'
12:45:10.835 [main] INFO  org.camunda.bpm.connect - CNCT-01004 Discovered provider for connector id 'soap-http-connector' and class 'org.camunda.connect.httpclient.soap.impl.SoapHttpConnectorImpl': 'org.camunda.connect.httpclient.soap.impl.SoapHttpConnectorProviderImpl'
12:45:11.591 [main] INFO  org.camunda.bpm.engine.persistence - ENGINE-03016 Performing database operation 'create' on component 'engine' with resource 'org/camunda/bpm/engine/db/create/activiti.h2.create.engine.sql'
12:45:11.862 [main] INFO  org.camunda.bpm.engine.persistence - ENGINE-03016 Performing database operation 'create' on component 'history' with resource 'org/camunda/bpm/engine/db/create/activiti.h2.create.history.sql'
12:45:11.896 [main] INFO  org.camunda.bpm.engine.persistence - ENGINE-03016 Performing database operation 'create' on component 'identity' with resource 'org/camunda/bpm/engine/db/create/activiti.h2.create.identity.sql'
12:45:11.954 [main] INFO  org.camunda.bpm.engine.persistence - ENGINE-03016 Performing database operation 'create' on component 'case.engine' with resource 'org/camunda/bpm/engine/db/create/activiti.h2.create.case.engine.sql'
12:45:11.972 [main] INFO  org.camunda.bpm.engine.persistence - ENGINE-03016 Performing database operation 'create' on component 'case.history' with resource 'org/camunda/bpm/engine/db/create/activiti.h2.create.case.history.sql'
12:45:11.990 [main] INFO  org.camunda.bpm.engine.persistence - ENGINE-03016 Performing database operation 'create' on component 'decision.engine' with resource 'org/camunda/bpm/engine/db/create/activiti.h2.create.decision.engine.sql'
12:45:12.094 [main] INFO  org.camunda.bpm.engine.persistence - ENGINE-03016 Performing database operation 'create' on component 'decision.history' with resource 'org/camunda/bpm/engine/db/create/activiti.h2.create.decision.history.sql'
12:45:12.308 [main] INFO  org.camunda.bpm.engine.persistence - ENGINE-03067 No history level property found in database
12:45:12.312 [main] INFO  org.camunda.bpm.engine.persistence - ENGINE-03065 Creating historyLevel property in database for level: HistoryLevelFull(name=full, id=3)
12:45:12.835 [main] INFO  org.camunda.bpm.engine - ENGINE-00001 Process Engine default created.
12:45:12.839 [main] DEBUG org.camunda.bpm.engine.test - ==== PROCESS ENGINE CREATED =========================================================================
12:45:12.864 [main] DEBUG org.camunda.bpm.engine.test - annotation @Deployment creates deployment for ProcessUnitTest.testHappyPath
12:45:15.387 [main] DEBUG org.camunda.bpm.engine.test - annotation @Deployment deletes deployment for ProcessUnitTest.testHappyPath
]]></system-out>
    <system-err><![CDATA[avr. 04, 2024 12:45:14 PM org.camunda.bpm.extension.process_test_coverage.junit.rules.TestCoverageProcessEngineRule succeeded
INFOS: testHappyPath(com.camunda.bpm.camunda_bpm.ProcessUnitTest) succeeded.
avr. 04, 2024 12:45:14 PM org.camunda.bpm.extension.process_test_coverage.junit.rules.TestCoverageProcessEngineRule handleTestMethodCoverage
INFOS: testHappyPath test method coverage is 1.0
]]></system-err>
  </testcase>
</testsuite>